<?xml version="1.0" encoding="UTF-8"?>
<testsuite name="Tests" tests="1" skipped="0" failures="0" errors="0" timestamp="2023-06-22T11:47:33" hostname="WIN-VGA2VO3K3D0" time="0.011">
  <properties/>
  <testcase name="assertThreadsNumber()" classname="Tests" time="0.011"/>
  <system-out><![CDATA[]]></system-out>
  <system-err><![CDATA[]]></system-err>
</testsuite>
